c:\users\r1nge\source\repos\flappybird\flappybird\x64\debug\vc143.pdb
c:\users\r1nge\source\repos\flappybird\flappybird\x64\debug\vc143.idb
c:\users\r1nge\source\repos\flappybird\flappybird\x64\debug\playerinput.obj
c:\users\r1nge\source\repos\flappybird\flappybird\x64\debug\player.obj
c:\users\r1nge\source\repos\flappybird\flappybird\x64\debug\pipe.obj
c:\users\r1nge\source\repos\flappybird\flappybird\x64\debug\main.obj
c:\users\r1nge\source\repos\flappybird\flappybird\x64\debug\rectanglecollider.obj
c:\users\r1nge\source\repos\flappybird\flappybird\x64\debug\circlecollider.obj
c:\users\r1nge\source\repos\flappybird\flappybird\x64\debug\scorehandler.obj
c:\users\r1nge\source\repos\flappybird\flappybird\x64\debug\pipeentity.obj
c:\users\r1nge\source\repos\flappybird\x64\debug\flappybird.exe
c:\users\r1nge\source\repos\flappybird\x64\debug\flappybird.pdb
c:\users\r1nge\source\repos\flappybird\flappybird\x64\debug\flappybird.ilk
c:\users\r1nge\source\repos\flappybird\flappybird\x64\debug\flappybird.tlog\cl.command.1.tlog
c:\users\r1nge\source\repos\flappybird\flappybird\x64\debug\flappybird.tlog\cl.items.tlog
c:\users\r1nge\source\repos\flappybird\flappybird\x64\debug\flappybird.tlog\cl.read.1.tlog
c:\users\r1nge\source\repos\flappybird\flappybird\x64\debug\flappybird.tlog\cl.write.1.tlog
c:\users\r1nge\source\repos\flappybird\flappybird\x64\debug\flappybird.tlog\link.command.1.tlog
c:\users\r1nge\source\repos\flappybird\flappybird\x64\debug\flappybird.tlog\link.read.1.tlog
c:\users\r1nge\source\repos\flappybird\flappybird\x64\debug\flappybird.tlog\link.secondary.1.tlog
c:\users\r1nge\source\repos\flappybird\flappybird\x64\debug\flappybird.tlog\link.write.1.tlog
